{
  "stats": {
    "suites": 1,
    "tests": 5,
    "passes": 5,
    "pending": 0,
    "failures": 0,
    "start": "2024-11-11T23:54:39.750Z",
    "end": "2024-11-11T23:54:50.010Z",
    "duration": 10260,
    "testsRegistered": 5,
    "passPercent": 100,
    "pendingPercent": 0,
    "other": 0,
    "hasOther": false,
    "skipped": 0,
    "hasSkipped": false
  },
  "results": [
    {
      "uuid": "7c41d018-6dca-4c4e-b1c8-e96ebb943f50",
      "title": "",
      "fullFile": "cypress\\e2e\\client-e2e\\PostIntegrationTest.cy.ts",
      "file": "cypress\\e2e\\client-e2e\\PostIntegrationTest.cy.ts",
      "beforeHooks": [],
      "afterHooks": [],
      "tests": [],
      "suites": [
        {
          "uuid": "6f0391b8-e146-4c86-b031-46ff4c1a2a62",
          "title": "Posts Module Integration Tests",
          "fullFile": "",
          "file": "",
          "beforeHooks": [],
          "afterHooks": [],
          "tests": [
            {
              "title": "displays correct layout and elements",
              "fullTitle": "Posts Module Integration Tests displays correct layout and elements",
              "timedOut": null,
              "duration": 2621,
              "state": "passed",
              "speed": "fast",
              "pass": true,
              "fail": false,
              "pending": false,
              "context": null,
              "code": "postsPage.verifyLayoutElements();",
              "err": {},
              "uuid": "7defba57-fa60-4794-908d-048b7cd25572",
              "parentUUID": "6f0391b8-e146-4c86-b031-46ff4c1a2a62",
              "isHook": false,
              "skipped": false
            },
            {
              "title": "shows empty state when no posts exist",
              "fullTitle": "Posts Module Integration Tests shows empty state when no posts exist",
              "timedOut": null,
              "duration": 1005,
              "state": "passed",
              "speed": "fast",
              "pass": true,
              "fail": false,
              "pending": false,
              "context": null,
              "code": "postsPage.verifyEmptyStateMessage();",
              "err": {},
              "uuid": "8ec0ec43-9306-43fb-a26c-9db81e002629",
              "parentUUID": "6f0391b8-e146-4c86-b031-46ff4c1a2a62",
              "isHook": false,
              "skipped": false
            },
            {
              "title": "displays posts in correct format",
              "fullTitle": "Posts Module Integration Tests displays posts in correct format",
              "timedOut": null,
              "duration": 1941,
              "state": "passed",
              "speed": "fast",
              "pass": true,
              "fail": false,
              "pending": false,
              "context": null,
              "code": "newPostPage.createPost(testData.post.title, testData.post.content);\npostsPage.verifyPostInList(testData.post.title, testData.post.content);\npostsPage.verifyPostCardElements();",
              "err": {},
              "uuid": "b4f22e22-aa38-4bdf-a64f-3564026305ea",
              "parentUUID": "6f0391b8-e146-4c86-b031-46ff4c1a2a62",
              "isHook": false,
              "skipped": false
            },
            {
              "title": "supports post management actions",
              "fullTitle": "Posts Module Integration Tests supports post management actions",
              "timedOut": null,
              "duration": 1130,
              "state": "passed",
              "speed": "fast",
              "pass": true,
              "fail": false,
              "pending": false,
              "context": null,
              "code": "postsPage.enterToCreatePost();\nnewPostPage.verifyNewPostsPageIsDisplayed();\nnewPostPage.cancelPostCreation();\npostsPage.verifyPostsPageIsDisplayed();",
              "err": {},
              "uuid": "6034af60-eac3-4d3a-bd3c-5af058bb3e67",
              "parentUUID": "6f0391b8-e146-4c86-b031-46ff4c1a2a62",
              "isHook": false,
              "skipped": false
            },
            {
              "title": "navigation works correctly",
              "fullTitle": "Posts Module Integration Tests navigation works correctly",
              "timedOut": null,
              "duration": 1272,
              "state": "passed",
              "speed": "fast",
              "pass": true,
              "fail": false,
              "pending": false,
              "context": null,
              "code": "postsPage.navigateToProfile();\npostsPage.navigateToPosts();\npostsPage.logout();",
              "err": {},
              "uuid": "d353e41c-f915-4ccb-ae4e-2b02e1718d42",
              "parentUUID": "6f0391b8-e146-4c86-b031-46ff4c1a2a62",
              "isHook": false,
              "skipped": false
            }
          ],
          "suites": [],
          "passes": [
            "7defba57-fa60-4794-908d-048b7cd25572",
            "8ec0ec43-9306-43fb-a26c-9db81e002629",
            "b4f22e22-aa38-4bdf-a64f-3564026305ea",
            "6034af60-eac3-4d3a-bd3c-5af058bb3e67",
            "d353e41c-f915-4ccb-ae4e-2b02e1718d42"
          ],
          "failures": [],
          "pending": [],
          "skipped": [],
          "duration": 7969,
          "root": false,
          "rootEmpty": false,
          "_timeout": 2000
        }
      ],
      "passes": [],
      "failures": [],
      "pending": [],
      "skipped": [],
      "duration": 0,
      "root": true,
      "rootEmpty": true,
      "_timeout": 2000
    }
  ],
  "meta": {
    "mocha": {
      "version": "7.0.1"
    },
    "mochawesome": {
      "options": {
        "quiet": false,
        "reportFilename": "mochawesome",
        "saveHtml": true,
        "saveJson": true,
        "consoleReporter": "spec",
        "useInlineDiffs": false,
        "code": true
      },
      "version": "7.1.3"
    },
    "marge": {
      "options": null,
      "version": "6.2.0"
    }
  }
}